<?xml version="1.0" encoding="UTF-8"?>
<testsuite xmlns:xsi="http://www.w3.org/2001/XMLSchema-instance" xsi:noNamespaceSchemaLocation="https://maven.apache.org/surefire/maven-surefire-plugin/xsd/surefire-test-report-3.0.xsd" version="3.0" name="runner.TestRunner" time="47.346" tests="6" errors="0" skipped="0" failures="0">
  <properties>
    <property name="java.specification.version" value="23"/>
    <property name="sun.jnu.encoding" value="UTF-8"/>
    <property name="java.class.path" value="/Users/nurdan/Desktop/QA_Automation/Beymen_UI_TA_Case/target/test-classes:/Users/nurdan/Desktop/QA_Automation/Beymen_UI_TA_Case/target/classes:/Users/nurdan/.m2/repository/io/cucumber/cucumber-java/7.15.0/cucumber-java-7.15.0.jar:/Users/nurdan/.m2/repository/org/apiguardian/apiguardian-api/1.1.2/apiguardian-api-1.1.2.jar:/Users/nurdan/.m2/repository/io/cucumber/cucumber-core/7.15.0/cucumber-core-7.15.0.jar:/Users/nurdan/.m2/repository/io/cucumber/cucumber-gherkin/7.15.0/cucumber-gherkin-7.15.0.jar:/Users/nurdan/.m2/repository/io/cucumber/cucumber-gherkin-messages/7.15.0/cucumber-gherkin-messages-7.15.0.jar:/Users/nurdan/.m2/repository/io/cucumber/gherkin/26.2.0/gherkin-26.2.0.jar:/Users/nurdan/.m2/repository/io/cucumber/messages/22.0.0/messages-22.0.0.jar:/Users/nurdan/.m2/repository/io/cucumber/tag-expressions/6.0.0/tag-expressions-6.0.0.jar:/Users/nurdan/.m2/repository/io/cucumber/cucumber-expressions/17.0.1/cucumber-expressions-17.0.1.jar:/Users/nurdan/.m2/repository/io/cucumber/datatable/7.15.0/datatable-7.15.0.jar:/Users/nurdan/.m2/repository/io/cucumber/cucumber-plugin/7.15.0/cucumber-plugin-7.15.0.jar:/Users/nurdan/.m2/repository/io/cucumber/docstring/7.15.0/docstring-7.15.0.jar:/Users/nurdan/.m2/repository/io/cucumber/html-formatter/20.4.0/html-formatter-20.4.0.jar:/Users/nurdan/.m2/repository/io/cucumber/junit-xml-formatter/0.2.0/junit-xml-formatter-0.2.0.jar:/Users/nurdan/.m2/repository/io/cucumber/ci-environment/10.0.0/ci-environment-10.0.0.jar:/Users/nurdan/.m2/repository/io/cucumber/cucumber-junit/7.15.0/cucumber-junit-7.15.0.jar:/Users/nurdan/.m2/repository/junit/junit/4.13.2/junit-4.13.2.jar:/Users/nurdan/.m2/repository/org/hamcrest/hamcrest-core/1.3/hamcrest-core-1.3.jar:/Users/nurdan/.m2/repository/org/seleniumhq/selenium/selenium-java/4.27.0/selenium-java-4.27.0.jar:/Users/nurdan/.m2/repository/org/seleniumhq/selenium/selenium-api/4.27.0/selenium-api-4.27.0.jar:/Users/nurdan/.m2/repository/org/jspecify/jspecify/1.0.0/jspecify-1.0.0.jar:/Users/nurdan/.m2/repository/org/seleniumhq/selenium/selenium-chrome-driver/4.27.0/selenium-chrome-driver-4.27.0.jar:/Users/nurdan/.m2/repository/com/google/auto/service/auto-service-annotations/1.1.1/auto-service-annotations-1.1.1.jar:/Users/nurdan/.m2/repository/org/seleniumhq/selenium/selenium-chromium-driver/4.27.0/selenium-chromium-driver-4.27.0.jar:/Users/nurdan/.m2/repository/org/seleniumhq/selenium/selenium-json/4.27.0/selenium-json-4.27.0.jar:/Users/nurdan/.m2/repository/org/seleniumhq/selenium/selenium-manager/4.27.0/selenium-manager-4.27.0.jar:/Users/nurdan/.m2/repository/org/seleniumhq/selenium/selenium-devtools-v129/4.27.0/selenium-devtools-v129-4.27.0.jar:/Users/nurdan/.m2/repository/org/seleniumhq/selenium/selenium-devtools-v130/4.27.0/selenium-devtools-v130-4.27.0.jar:/Users/nurdan/.m2/repository/org/seleniumhq/selenium/selenium-devtools-v131/4.27.0/selenium-devtools-v131-4.27.0.jar:/Users/nurdan/.m2/repository/org/seleniumhq/selenium/selenium-devtools-v85/4.27.0/selenium-devtools-v85-4.27.0.jar:/Users/nurdan/.m2/repository/org/seleniumhq/selenium/selenium-edge-driver/4.27.0/selenium-edge-driver-4.27.0.jar:/Users/nurdan/.m2/repository/org/seleniumhq/selenium/selenium-firefox-driver/4.27.0/selenium-firefox-driver-4.27.0.jar:/Users/nurdan/.m2/repository/org/seleniumhq/selenium/selenium-http/4.27.0/selenium-http-4.27.0.jar:/Users/nurdan/.m2/repository/dev/failsafe/failsafe/3.3.2/failsafe-3.3.2.jar:/Users/nurdan/.m2/repository/org/seleniumhq/selenium/selenium-ie-driver/4.27.0/selenium-ie-driver-4.27.0.jar:/Users/nurdan/.m2/repository/org/seleniumhq/selenium/selenium-remote-driver/4.27.0/selenium-remote-driver-4.27.0.jar:/Users/nurdan/.m2/repository/com/google/guava/guava/33.3.1-jre/guava-33.3.1-jre.jar:/Users/nurdan/.m2/repository/com/google/guava/failureaccess/1.0.2/failureaccess-1.0.2.jar:/Users/nurdan/.m2/repository/com/google/guava/listenablefuture/9999.0-empty-to-avoid-conflict-with-guava/listenablefuture-9999.0-empty-to-avoid-conflict-with-guava.jar:/Users/nurdan/.m2/repository/com/google/code/findbugs/jsr305/3.0.2/jsr305-3.0.2.jar:/Users/nurdan/.m2/repository/org/checkerframework/checker-qual/3.43.0/checker-qual-3.43.0.jar:/Users/nurdan/.m2/repository/com/google/j2objc/j2objc-annotations/3.0.0/j2objc-annotations-3.0.0.jar:/Users/nurdan/.m2/repository/io/opentelemetry/semconv/opentelemetry-semconv/1.25.0-alpha/opentelemetry-semconv-1.25.0-alpha.jar:/Users/nurdan/.m2/repository/io/opentelemetry/opentelemetry-api/1.44.1/opentelemetry-api-1.44.1.jar:/Users/nurdan/.m2/repository/io/opentelemetry/opentelemetry-context/1.44.1/opentelemetry-context-1.44.1.jar:/Users/nurdan/.m2/repository/io/opentelemetry/opentelemetry-exporter-logging/1.44.1/opentelemetry-exporter-logging-1.44.1.jar:/Users/nurdan/.m2/repository/io/opentelemetry/opentelemetry-sdk-common/1.44.1/opentelemetry-sdk-common-1.44.1.jar:/Users/nurdan/.m2/repository/io/opentelemetry/opentelemetry-sdk-extension-autoconfigure-spi/1.44.1/opentelemetry-sdk-extension-autoconfigure-spi-1.44.1.jar:/Users/nurdan/.m2/repository/io/opentelemetry/opentelemetry-sdk-extension-autoconfigure/1.44.1/opentelemetry-sdk-extension-autoconfigure-1.44.1.jar:/Users/nurdan/.m2/repository/io/opentelemetry/opentelemetry-api-incubator/1.44.1-alpha/opentelemetry-api-incubator-1.44.1-alpha.jar:/Users/nurdan/.m2/repository/io/opentelemetry/opentelemetry-sdk-trace/1.44.1/opentelemetry-sdk-trace-1.44.1.jar:/Users/nurdan/.m2/repository/io/opentelemetry/opentelemetry-sdk/1.44.1/opentelemetry-sdk-1.44.1.jar:/Users/nurdan/.m2/repository/io/opentelemetry/opentelemetry-sdk-metrics/1.44.1/opentelemetry-sdk-metrics-1.44.1.jar:/Users/nurdan/.m2/repository/io/opentelemetry/opentelemetry-sdk-logs/1.44.1/opentelemetry-sdk-logs-1.44.1.jar:/Users/nurdan/.m2/repository/net/bytebuddy/byte-buddy/1.15.10/byte-buddy-1.15.10.jar:/Users/nurdan/.m2/repository/org/seleniumhq/selenium/selenium-os/4.27.0/selenium-os-4.27.0.jar:/Users/nurdan/.m2/repository/org/apache/commons/commons-exec/1.4.0/commons-exec-1.4.0.jar:/Users/nurdan/.m2/repository/org/seleniumhq/selenium/selenium-safari-driver/4.27.0/selenium-safari-driver-4.27.0.jar:/Users/nurdan/.m2/repository/org/seleniumhq/selenium/selenium-support/4.27.0/selenium-support-4.27.0.jar:/Users/nurdan/.m2/repository/io/github/bonigarcia/webdrivermanager/5.9.2/webdrivermanager-5.9.2.jar:/Users/nurdan/.m2/repository/org/slf4j/slf4j-api/2.0.13/slf4j-api-2.0.13.jar:/Users/nurdan/.m2/repository/com/google/code/gson/gson/2.11.0/gson-2.11.0.jar:/Users/nurdan/.m2/repository/com/google/errorprone/error_prone_annotations/2.27.0/error_prone_annotations-2.27.0.jar:/Users/nurdan/.m2/repository/com/github/docker-java/docker-java/3.4.0/docker-java-3.4.0.jar:/Users/nurdan/.m2/repository/com/github/docker-java/docker-java-core/3.4.0/docker-java-core-3.4.0.jar:/Users/nurdan/.m2/repository/com/github/docker-java/docker-java-api/3.4.0/docker-java-api-3.4.0.jar:/Users/nurdan/.m2/repository/com/fasterxml/jackson/core/jackson-annotations/2.10.3/jackson-annotations-2.10.3.jar:/Users/nurdan/.m2/repository/com/fasterxml/jackson/core/jackson-databind/2.10.3/jackson-databind-2.10.3.jar:/Users/nurdan/.m2/repository/com/fasterxml/jackson/core/jackson-core/2.10.3/jackson-core-2.10.3.jar:/Users/nurdan/.m2/repository/org/slf4j/jcl-over-slf4j/1.7.30/jcl-over-slf4j-1.7.30.jar:/Users/nurdan/.m2/repository/com/github/docker-java/docker-java-transport-httpclient5/3.4.0/docker-java-transport-httpclient5-3.4.0.jar:/Users/nurdan/.m2/repository/com/github/docker-java/docker-java-transport/3.4.0/docker-java-transport-3.4.0.jar:/Users/nurdan/.m2/repository/net/java/dev/jna/jna/5.13.0/jna-5.13.0.jar:/Users/nurdan/.m2/repository/org/brotli/dec/0.1.2/dec-0.1.2.jar:/Users/nurdan/.m2/repository/org/apache/commons/commons-lang3/3.15.0/commons-lang3-3.15.0.jar:/Users/nurdan/.m2/repository/org/apache/commons/commons-compress/1.26.2/commons-compress-1.26.2.jar:/Users/nurdan/.m2/repository/commons-codec/commons-codec/1.17.0/commons-codec-1.17.0.jar:/Users/nurdan/.m2/repository/org/apache/httpcomponents/client5/httpclient5/5.2.1/httpclient5-5.2.1.jar:/Users/nurdan/.m2/repository/org/apache/httpcomponents/core5/httpcore5/5.2/httpcore5-5.2.jar:/Users/nurdan/.m2/repository/org/apache/httpcomponents/core5/httpcore5-h2/5.2/httpcore5-h2-5.2.jar:/Users/nurdan/.m2/repository/org/apache/poi/poi-ooxml/5.3.0/poi-ooxml-5.3.0.jar:/Users/nurdan/.m2/repository/org/apache/poi/poi/5.3.0/poi-5.3.0.jar:/Users/nurdan/.m2/repository/org/apache/commons/commons-math3/3.6.1/commons-math3-3.6.1.jar:/Users/nurdan/.m2/repository/com/zaxxer/SparseBitSet/1.3/SparseBitSet-1.3.jar:/Users/nurdan/.m2/repository/org/apache/poi/poi-ooxml-lite/5.3.0/poi-ooxml-lite-5.3.0.jar:/Users/nurdan/.m2/repository/org/apache/xmlbeans/xmlbeans/5.2.1/xmlbeans-5.2.1.jar:/Users/nurdan/.m2/repository/commons-io/commons-io/2.16.1/commons-io-2.16.1.jar:/Users/nurdan/.m2/repository/com/github/virtuald/curvesapi/1.08/curvesapi-1.08.jar:/Users/nurdan/.m2/repository/org/apache/commons/commons-collections4/4.4/commons-collections4-4.4.jar:/Users/nurdan/.m2/repository/org/apache/logging/log4j/log4j-core/2.20.0/log4j-core-2.20.0.jar:/Users/nurdan/.m2/repository/org/apache/logging/log4j/log4j-api/2.20.0/log4j-api-2.20.0.jar:"/>
    <property name="java.vm.vendor" value="Oracle Corporation"/>
    <property name="sun.arch.data.model" value="64"/>
    <property name="java.vendor.url" value="https://java.oracle.com/"/>
    <property name="os.name" value="Mac OS X"/>
    <property name="java.vm.specification.version" value="23"/>
    <property name="sun.java.launcher" value="SUN_STANDARD"/>
    <property name="user.country" value="TR"/>
    <property name="sun.boot.library.path" value="/Users/nurdan/Library/Java/JavaVirtualMachines/openjdk-23.0.2/Contents/Home/lib"/>
    <property name="sun.java.command" value="/Users/nurdan/Desktop/QA_Automation/Beymen_UI_TA_Case/target/surefire/surefirebooter-20250215220737705_3.jar /Users/nurdan/Desktop/QA_Automation/Beymen_UI_TA_Case/target/surefire 2025-02-15T22-07-37_670-jvmRun1 surefire-20250215220737705_1tmp surefire_0-20250215220737705_2tmp"/>
    <property name="http.nonProxyHosts" value="local|*.local|169.254/16|*.169.254/16"/>
    <property name="jdk.debug" value="release"/>
    <property name="surefire.test.class.path" value="/Users/nurdan/Desktop/QA_Automation/Beymen_UI_TA_Case/target/test-classes:/Users/nurdan/Desktop/QA_Automation/Beymen_UI_TA_Case/target/classes:/Users/nurdan/.m2/repository/io/cucumber/cucumber-java/7.15.0/cucumber-java-7.15.0.jar:/Users/nurdan/.m2/repository/org/apiguardian/apiguardian-api/1.1.2/apiguardian-api-1.1.2.jar:/Users/nurdan/.m2/repository/io/cucumber/cucumber-core/7.15.0/cucumber-core-7.15.0.jar:/Users/nurdan/.m2/repository/io/cucumber/cucumber-gherkin/7.15.0/cucumber-gherkin-7.15.0.jar:/Users/nurdan/.m2/repository/io/cucumber/cucumber-gherkin-messages/7.15.0/cucumber-gherkin-messages-7.15.0.jar:/Users/nurdan/.m2/repository/io/cucumber/gherkin/26.2.0/gherkin-26.2.0.jar:/Users/nurdan/.m2/repository/io/cucumber/messages/22.0.0/messages-22.0.0.jar:/Users/nurdan/.m2/repository/io/cucumber/tag-expressions/6.0.0/tag-expressions-6.0.0.jar:/Users/nurdan/.m2/repository/io/cucumber/cucumber-expressions/17.0.1/cucumber-expressions-17.0.1.jar:/Users/nurdan/.m2/repository/io/cucumber/datatable/7.15.0/datatable-7.15.0.jar:/Users/nurdan/.m2/repository/io/cucumber/cucumber-plugin/7.15.0/cucumber-plugin-7.15.0.jar:/Users/nurdan/.m2/repository/io/cucumber/docstring/7.15.0/docstring-7.15.0.jar:/Users/nurdan/.m2/repository/io/cucumber/html-formatter/20.4.0/html-formatter-20.4.0.jar:/Users/nurdan/.m2/repository/io/cucumber/junit-xml-formatter/0.2.0/junit-xml-formatter-0.2.0.jar:/Users/nurdan/.m2/repository/io/cucumber/ci-environment/10.0.0/ci-environment-10.0.0.jar:/Users/nurdan/.m2/repository/io/cucumber/cucumber-junit/7.15.0/cucumber-junit-7.15.0.jar:/Users/nurdan/.m2/repository/junit/junit/4.13.2/junit-4.13.2.jar:/Users/nurdan/.m2/repository/org/hamcrest/hamcrest-core/1.3/hamcrest-core-1.3.jar:/Users/nurdan/.m2/repository/org/seleniumhq/selenium/selenium-java/4.27.0/selenium-java-4.27.0.jar:/Users/nurdan/.m2/repository/org/seleniumhq/selenium/selenium-api/4.27.0/selenium-api-4.27.0.jar:/Users/nurdan/.m2/repository/org/jspecify/jspecify/1.0.0/jspecify-1.0.0.jar:/Users/nurdan/.m2/repository/org/seleniumhq/selenium/selenium-chrome-driver/4.27.0/selenium-chrome-driver-4.27.0.jar:/Users/nurdan/.m2/repository/com/google/auto/service/auto-service-annotations/1.1.1/auto-service-annotations-1.1.1.jar:/Users/nurdan/.m2/repository/org/seleniumhq/selenium/selenium-chromium-driver/4.27.0/selenium-chromium-driver-4.27.0.jar:/Users/nurdan/.m2/repository/org/seleniumhq/selenium/selenium-json/4.27.0/selenium-json-4.27.0.jar:/Users/nurdan/.m2/repository/org/seleniumhq/selenium/selenium-manager/4.27.0/selenium-manager-4.27.0.jar:/Users/nurdan/.m2/repository/org/seleniumhq/selenium/selenium-devtools-v129/4.27.0/selenium-devtools-v129-4.27.0.jar:/Users/nurdan/.m2/repository/org/seleniumhq/selenium/selenium-devtools-v130/4.27.0/selenium-devtools-v130-4.27.0.jar:/Users/nurdan/.m2/repository/org/seleniumhq/selenium/selenium-devtools-v131/4.27.0/selenium-devtools-v131-4.27.0.jar:/Users/nurdan/.m2/repository/org/seleniumhq/selenium/selenium-devtools-v85/4.27.0/selenium-devtools-v85-4.27.0.jar:/Users/nurdan/.m2/repository/org/seleniumhq/selenium/selenium-edge-driver/4.27.0/selenium-edge-driver-4.27.0.jar:/Users/nurdan/.m2/repository/org/seleniumhq/selenium/selenium-firefox-driver/4.27.0/selenium-firefox-driver-4.27.0.jar:/Users/nurdan/.m2/repository/org/seleniumhq/selenium/selenium-http/4.27.0/selenium-http-4.27.0.jar:/Users/nurdan/.m2/repository/dev/failsafe/failsafe/3.3.2/failsafe-3.3.2.jar:/Users/nurdan/.m2/repository/org/seleniumhq/selenium/selenium-ie-driver/4.27.0/selenium-ie-driver-4.27.0.jar:/Users/nurdan/.m2/repository/org/seleniumhq/selenium/selenium-remote-driver/4.27.0/selenium-remote-driver-4.27.0.jar:/Users/nurdan/.m2/repository/com/google/guava/guava/33.3.1-jre/guava-33.3.1-jre.jar:/Users/nurdan/.m2/repository/com/google/guava/failureaccess/1.0.2/failureaccess-1.0.2.jar:/Users/nurdan/.m2/repository/com/google/guava/listenablefuture/9999.0-empty-to-avoid-conflict-with-guava/listenablefuture-9999.0-empty-to-avoid-conflict-with-guava.jar:/Users/nurdan/.m2/repository/com/google/code/findbugs/jsr305/3.0.2/jsr305-3.0.2.jar:/Users/nurdan/.m2/repository/org/checkerframework/checker-qual/3.43.0/checker-qual-3.43.0.jar:/Users/nurdan/.m2/repository/com/google/j2objc/j2objc-annotations/3.0.0/j2objc-annotations-3.0.0.jar:/Users/nurdan/.m2/repository/io/opentelemetry/semconv/opentelemetry-semconv/1.25.0-alpha/opentelemetry-semconv-1.25.0-alpha.jar:/Users/nurdan/.m2/repository/io/opentelemetry/opentelemetry-api/1.44.1/opentelemetry-api-1.44.1.jar:/Users/nurdan/.m2/repository/io/opentelemetry/opentelemetry-context/1.44.1/opentelemetry-context-1.44.1.jar:/Users/nurdan/.m2/repository/io/opentelemetry/opentelemetry-exporter-logging/1.44.1/opentelemetry-exporter-logging-1.44.1.jar:/Users/nurdan/.m2/repository/io/opentelemetry/opentelemetry-sdk-common/1.44.1/opentelemetry-sdk-common-1.44.1.jar:/Users/nurdan/.m2/repository/io/opentelemetry/opentelemetry-sdk-extension-autoconfigure-spi/1.44.1/opentelemetry-sdk-extension-autoconfigure-spi-1.44.1.jar:/Users/nurdan/.m2/repository/io/opentelemetry/opentelemetry-sdk-extension-autoconfigure/1.44.1/opentelemetry-sdk-extension-autoconfigure-1.44.1.jar:/Users/nurdan/.m2/repository/io/opentelemetry/opentelemetry-api-incubator/1.44.1-alpha/opentelemetry-api-incubator-1.44.1-alpha.jar:/Users/nurdan/.m2/repository/io/opentelemetry/opentelemetry-sdk-trace/1.44.1/opentelemetry-sdk-trace-1.44.1.jar:/Users/nurdan/.m2/repository/io/opentelemetry/opentelemetry-sdk/1.44.1/opentelemetry-sdk-1.44.1.jar:/Users/nurdan/.m2/repository/io/opentelemetry/opentelemetry-sdk-metrics/1.44.1/opentelemetry-sdk-metrics-1.44.1.jar:/Users/nurdan/.m2/repository/io/opentelemetry/opentelemetry-sdk-logs/1.44.1/opentelemetry-sdk-logs-1.44.1.jar:/Users/nurdan/.m2/repository/net/bytebuddy/byte-buddy/1.15.10/byte-buddy-1.15.10.jar:/Users/nurdan/.m2/repository/org/seleniumhq/selenium/selenium-os/4.27.0/selenium-os-4.27.0.jar:/Users/nurdan/.m2/repository/org/apache/commons/commons-exec/1.4.0/commons-exec-1.4.0.jar:/Users/nurdan/.m2/repository/org/seleniumhq/selenium/selenium-safari-driver/4.27.0/selenium-safari-driver-4.27.0.jar:/Users/nurdan/.m2/repository/org/seleniumhq/selenium/selenium-support/4.27.0/selenium-support-4.27.0.jar:/Users/nurdan/.m2/repository/io/github/bonigarcia/webdrivermanager/5.9.2/webdrivermanager-5.9.2.jar:/Users/nurdan/.m2/repository/org/slf4j/slf4j-api/2.0.13/slf4j-api-2.0.13.jar:/Users/nurdan/.m2/repository/com/google/code/gson/gson/2.11.0/gson-2.11.0.jar:/Users/nurdan/.m2/repository/com/google/errorprone/error_prone_annotations/2.27.0/error_prone_annotations-2.27.0.jar:/Users/nurdan/.m2/repository/com/github/docker-java/docker-java/3.4.0/docker-java-3.4.0.jar:/Users/nurdan/.m2/repository/com/github/docker-java/docker-java-core/3.4.0/docker-java-core-3.4.0.jar:/Users/nurdan/.m2/repository/com/github/docker-java/docker-java-api/3.4.0/docker-java-api-3.4.0.jar:/Users/nurdan/.m2/repository/com/fasterxml/jackson/core/jackson-annotations/2.10.3/jackson-annotations-2.10.3.jar:/Users/nurdan/.m2/repository/com/fasterxml/jackson/core/jackson-databind/2.10.3/jackson-databind-2.10.3.jar:/Users/nurdan/.m2/repository/com/fasterxml/jackson/core/jackson-core/2.10.3/jackson-core-2.10.3.jar:/Users/nurdan/.m2/repository/org/slf4j/jcl-over-slf4j/1.7.30/jcl-over-slf4j-1.7.30.jar:/Users/nurdan/.m2/repository/com/github/docker-java/docker-java-transport-httpclient5/3.4.0/docker-java-transport-httpclient5-3.4.0.jar:/Users/nurdan/.m2/repository/com/github/docker-java/docker-java-transport/3.4.0/docker-java-transport-3.4.0.jar:/Users/nurdan/.m2/repository/net/java/dev/jna/jna/5.13.0/jna-5.13.0.jar:/Users/nurdan/.m2/repository/org/brotli/dec/0.1.2/dec-0.1.2.jar:/Users/nurdan/.m2/repository/org/apache/commons/commons-lang3/3.15.0/commons-lang3-3.15.0.jar:/Users/nurdan/.m2/repository/org/apache/commons/commons-compress/1.26.2/commons-compress-1.26.2.jar:/Users/nurdan/.m2/repository/commons-codec/commons-codec/1.17.0/commons-codec-1.17.0.jar:/Users/nurdan/.m2/repository/org/apache/httpcomponents/client5/httpclient5/5.2.1/httpclient5-5.2.1.jar:/Users/nurdan/.m2/repository/org/apache/httpcomponents/core5/httpcore5/5.2/httpcore5-5.2.jar:/Users/nurdan/.m2/repository/org/apache/httpcomponents/core5/httpcore5-h2/5.2/httpcore5-h2-5.2.jar:/Users/nurdan/.m2/repository/org/apache/poi/poi-ooxml/5.3.0/poi-ooxml-5.3.0.jar:/Users/nurdan/.m2/repository/org/apache/poi/poi/5.3.0/poi-5.3.0.jar:/Users/nurdan/.m2/repository/org/apache/commons/commons-math3/3.6.1/commons-math3-3.6.1.jar:/Users/nurdan/.m2/repository/com/zaxxer/SparseBitSet/1.3/SparseBitSet-1.3.jar:/Users/nurdan/.m2/repository/org/apache/poi/poi-ooxml-lite/5.3.0/poi-ooxml-lite-5.3.0.jar:/Users/nurdan/.m2/repository/org/apache/xmlbeans/xmlbeans/5.2.1/xmlbeans-5.2.1.jar:/Users/nurdan/.m2/repository/commons-io/commons-io/2.16.1/commons-io-2.16.1.jar:/Users/nurdan/.m2/repository/com/github/virtuald/curvesapi/1.08/curvesapi-1.08.jar:/Users/nurdan/.m2/repository/org/apache/commons/commons-collections4/4.4/commons-collections4-4.4.jar:/Users/nurdan/.m2/repository/org/apache/logging/log4j/log4j-core/2.20.0/log4j-core-2.20.0.jar:/Users/nurdan/.m2/repository/org/apache/logging/log4j/log4j-api/2.20.0/log4j-api-2.20.0.jar:"/>
    <property name="sun.cpu.endian" value="little"/>
    <property name="user.home" value="/Users/nurdan"/>
    <property name="user.language" value="en"/>
    <property name="java.specification.vendor" value="Oracle Corporation"/>
    <property name="java.version.date" value="2025-01-21"/>
    <property name="java.home" value="/Users/nurdan/Library/Java/JavaVirtualMachines/openjdk-23.0.2/Contents/Home"/>
    <property name="file.separator" value="/"/>
    <property name="basedir" value="/Users/nurdan/Desktop/QA_Automation/Beymen_UI_TA_Case"/>
    <property name="java.vm.compressedOopsMode" value="Zero based"/>
    <property name="line.separator" value="&#10;"/>
    <property name="java.vm.specification.vendor" value="Oracle Corporation"/>
    <property name="java.specification.name" value="Java Platform API Specification"/>
    <property name="apple.awt.application.name" value="ForkedBooter"/>
    <property name="surefire.real.class.path" value="/Users/nurdan/Desktop/QA_Automation/Beymen_UI_TA_Case/target/surefire/surefirebooter-20250215220737705_3.jar"/>
    <property name="sun.management.compiler" value="HotSpot 64-Bit Tiered Compilers"/>
    <property name="ftp.nonProxyHosts" value="local|*.local|169.254/16|*.169.254/16"/>
    <property name="java.runtime.version" value="23.0.2+7-58"/>
    <property name="user.name" value="nurdan"/>
    <property name="stdout.encoding" value="UTF-8"/>
    <property name="path.separator" value=":"/>
    <property name="os.version" value="14.4"/>
    <property name="java.runtime.name" value="OpenJDK Runtime Environment"/>
    <property name="file.encoding" value="UTF-8"/>
    <property name="java.vm.name" value="OpenJDK 64-Bit Server VM"/>
    <property name="localRepository" value="/Users/nurdan/.m2/repository"/>
    <property name="java.vendor.url.bug" value="https://bugreport.java.com/bugreport/"/>
    <property name="java.io.tmpdir" value="/var/folders/n9/j344gk8s5hb4w03jyr6jcn900000gn/T/"/>
    <property name="idea.version" value="2024.3.3"/>
    <property name="java.version" value="23.0.2"/>
    <property name="user.dir" value="/Users/nurdan/Desktop/QA_Automation/Beymen_UI_TA_Case"/>
    <property name="os.arch" value="aarch64"/>
    <property name="java.vm.specification.name" value="Java Virtual Machine Specification"/>
    <property name="native.encoding" value="UTF-8"/>
    <property name="java.library.path" value="/Users/nurdan/Library/Java/Extensions:/Library/Java/Extensions:/Network/Library/Java/Extensions:/System/Library/Java/Extensions:/usr/lib/java:."/>
    <property name="java.vm.info" value="mixed mode, sharing"/>
    <property name="stderr.encoding" value="UTF-8"/>
    <property name="java.vendor" value="Oracle Corporation"/>
    <property name="java.vm.version" value="23.0.2+7-58"/>
    <property name="sun.io.unicode.encoding" value="UnicodeBig"/>
    <property name="socksNonProxyHosts" value="local|*.local|169.254/16|*.169.254/16"/>
    <property name="java.class.version" value="67.0"/>
  </properties>
  <testcase name="Viewing filtered product list after searching" classname="Search Behavior" time="5.053">
    <system-out><![CDATA[
Scenario: Viewing filtered product list after searching                      &amp#27;[90m# src/test/java/features/Search.feature:6&amp#27;[0m
2025-02-15 22:07:39 [main] INFO : Starting the browser...
2025-02-15 22:07:39 [main] INFO : Opening the home page...
  &amp#27;[32mGiven &amp#27;[0m&amp#27;[32mUser opens home page&amp#27;[0m                                                 &amp#27;[90m# stepDefinition.HomePage.userOpensHomePage()&amp#27;[0m
2025-02-15 22:07:41 [main] INFO : Entering search text from Excel: Row 1, Column 1, Search Text: şort
  &amp#27;[32mWhen &amp#27;[0m&amp#27;[32mUser enters the search text &amp#27;[0m&amp#27;[32m&amp#27;[1m1&amp#27;[0m&amp#27;[32m row and &amp#27;[0m&amp#27;[32m&amp#27;[1m1&amp#27;[0m&amp#27;[32m column&amp#27;[0m                        &amp#27;[90m# stepDefinition.ProductListPage.userEntersTheSearchText(int,int)&amp#27;[0m
2025-02-15 22:07:41 [main] INFO : Verifying that the filtered product list contains the search text: şort
  &amp#27;[32mThen &amp#27;[0m&amp#27;[32mUser should see the filtered product list for &amp#27;[0m&amp#27;[32m&amp#27;[1m1&amp#27;[0m&amp#27;[32m row and &amp#27;[0m&amp#27;[32m&amp#27;[1m1&amp#27;[0m&amp#27;[32m column text&amp#27;[0m &amp#27;[90m# stepDefinition.ProductListPage.userShouldSeeTheFilteredListOfProducts(int,int)&amp#27;[0m
2025-02-15 22:07:43 [main] INFO : Closing the browser...
]]></system-out>
    <system-err><![CDATA[Feb 15, 2025 10:07:39 PM org.openqa.selenium.devtools.CdpVersionFinder findNearestMatch
WARNING: Unable to find an exact match for CDP version 133, returning the closest version; found: 131; Please update to a Selenium version that supports CDP version 133
]]></system-err>
  </testcase>
  <testcase name="Viewing unfiltered product list after clearing search text" classname="Search Behavior" time="3.753">
    <system-out><![CDATA[
Scenario: Viewing unfiltered product list after clearing search text            &amp#27;[90m# src/test/java/features/Search.feature:10&amp#27;[0m
2025-02-15 22:07:43 [main] INFO : Starting the browser...
2025-02-15 22:07:43 [main] INFO : Opening the home page...
  &amp#27;[32mGiven &amp#27;[0m&amp#27;[32mUser opens home page&amp#27;[0m                                                    &amp#27;[90m# stepDefinition.HomePage.userOpensHomePage()&amp#27;[0m
2025-02-15 22:07:46 [main] INFO : Entering search text from Excel: Row 1, Column 1, Search Text: şort
  &amp#27;[32mWhen &amp#27;[0m&amp#27;[32mUser enters the search text &amp#27;[0m&amp#27;[32m&amp#27;[1m1&amp#27;[0m&amp#27;[32m row and &amp#27;[0m&amp#27;[32m&amp#27;[1m1&amp#27;[0m&amp#27;[32m column&amp#27;[0m                           &amp#27;[90m# stepDefinition.ProductListPage.userEntersTheSearchText(int,int)&amp#27;[0m
2025-02-15 22:07:46 [main] INFO : Clearing the search text...
  &amp#27;[32mAnd &amp#27;[0m&amp#27;[32mUser clears the search text&amp#27;[0m                                               &amp#27;[90m# stepDefinition.ProductListPage.userClearsTheSearchText()&amp#27;[0m
2025-02-15 22:07:46 [main] INFO : Verifying that the filtered product list does not contain the search text: şort
  &amp#27;[32mThen &amp#27;[0m&amp#27;[32mUser shouldn't see the filtered product list for &amp#27;[0m&amp#27;[32m&amp#27;[1m1&amp#27;[0m&amp#27;[32m row and &amp#27;[0m&amp#27;[32m&amp#27;[1m1&amp#27;[0m&amp#27;[32m column text&amp#27;[0m &amp#27;[90m# stepDefinition.ProductListPage.userShouldNotSeeTheFilteredListOfProducts(int,int)&amp#27;[0m
2025-02-15 22:07:46 [main] INFO : Closing the browser...
]]></system-out>
    <system-err><![CDATA[Feb 15, 2025 10:07:43 PM org.openqa.selenium.devtools.CdpVersionFinder findNearestMatch
WARNING: Unable to find an exact match for CDP version 133, returning the closest version; found: 131; Please update to a Selenium version that supports CDP version 133
]]></system-err>
  </testcase>
  <testcase name="Add a random product to the shopping cart" classname="Shopping Cart Behavior" time="10.886">
    <system-out><![CDATA[
Scenario: Add a random product to the shopping cart      &amp#27;[90m# src/test/java/features/ShoppingCart.feature:11&amp#27;[0m
2025-02-15 22:07:47 [main] INFO : Starting the browser...
2025-02-15 22:07:47 [main] INFO : Opening the home page...
  &amp#27;[32mGiven &amp#27;[0m&amp#27;[32mUser opens home page&amp#27;[0m                             &amp#27;[90m# stepDefinition.HomePage.userOpensHomePage()&amp#27;[0m
2025-02-15 22:07:49 [main] INFO : Entering search text from Excel: Row 1, Column 2, Search Text: gömlek
  &amp#27;[32mAnd &amp#27;[0m&amp#27;[32mUser enters the search text &amp#27;[0m&amp#27;[32m&amp#27;[1m1&amp#27;[0m&amp#27;[32m row and &amp#27;[0m&amp#27;[32m&amp#27;[1m2&amp#27;[0m&amp#27;[32m column&amp#27;[0m     &amp#27;[90m# stepDefinition.ProductListPage.userEntersTheSearchText(int,int)&amp#27;[0m
2025-02-15 22:07:50 [main] INFO : User presses the Enter key on the keyboard...
  &amp#27;[32mAnd &amp#27;[0m&amp#27;[32mUser presses the enter key on the keyboard&amp#27;[0m         &amp#27;[90m# stepDefinition.ProductListPage.userPressesEnterKeyOnKeyboard()&amp#27;[0m
2025-02-15 22:07:52 [main] INFO : Selecting a random product to click to the shopping cart...
[[ChromeDriver: chrome on mac (e04fb96e7a351b6c53ce4c649b68f164)] -> class name: m-productCard__stockCartIcon]
  &amp#27;[32mAnd &amp#27;[0m&amp#27;[32mUser selects a random product to add shopping cart&amp#27;[0m &amp#27;[90m# stepDefinition.ProductListPage.userSelectsARandomProductToAddShoppingCart()&amp#27;[0m
2025-02-15 22:07:52 [main] INFO : Select a random product variation to add shopping cart...
2025-02-15 22:07:53 [main] INFO : Write product info to the txt file...
2025-02-15 22:07:53 [main] INFO : Adding the selected product to the shopping cart...
  &amp#27;[32mAnd &amp#27;[0m&amp#27;[32mUser adds the product to the shopping cart&amp#27;[0m         &amp#27;[90m# stepDefinition.ProductListPage.userAddsTheProductToTheShoppingCart()&amp#27;[0m
2025-02-15 22:07:54 [main] INFO : Clicking the shopping cart icon...
  &amp#27;[32mAnd &amp#27;[0m&amp#27;[32mUser clicks shopping cart icon&amp#27;[0m                     &amp#27;[90m# stepDefinition.ProductListPage.userClicksShoppingCartIcon()&amp#27;[0m
2025-02-15 22:07:56 [main] INFO : Verifying product count: 1 adet
  &amp#27;[32mThen &amp#27;[0m&amp#27;[32mProduct count should be &amp#27;[0m&amp#27;[32m&amp#27;[1m'1 adet'&amp#27;[0m                  &amp#27;[90m# stepDefinition.ShoppingCartPage.productCountShouldBe(java.lang.String)&amp#27;[0m
2025-02-15 22:07:57 [main] INFO : Verifying product details match the product list...
  &amp#27;[32mAnd &amp#27;[0m&amp#27;[32mProduct details should match the product list&amp#27;[0m      &amp#27;[90m# stepDefinition.ShoppingCartPage.productDetailsShouldMatchTheProductList()&amp#27;[0m
2025-02-15 22:07:57 [main] INFO : Closing the browser...
]]></system-out>
    <system-err><![CDATA[Feb 15, 2025 10:07:47 PM org.openqa.selenium.devtools.CdpVersionFinder findNearestMatch
WARNING: Unable to find an exact match for CDP version 133, returning the closest version; found: 131; Please update to a Selenium version that supports CDP version 133
]]></system-err>
  </testcase>
  <testcase name="Increase product count in the shopping cart" classname="Shopping Cart Behavior" time="13.099">
    <system-out><![CDATA[
Scenario: Increase product count in the shopping cart    &amp#27;[90m# src/test/java/features/ShoppingCart.feature:15&amp#27;[0m
2025-02-15 22:07:58 [main] INFO : Starting the browser...
2025-02-15 22:07:58 [main] INFO : Opening the home page...
  &amp#27;[32mGiven &amp#27;[0m&amp#27;[32mUser opens home page&amp#27;[0m                             &amp#27;[90m# stepDefinition.HomePage.userOpensHomePage()&amp#27;[0m
2025-02-15 22:08:00 [main] INFO : Entering search text from Excel: Row 1, Column 2, Search Text: gömlek
  &amp#27;[32mAnd &amp#27;[0m&amp#27;[32mUser enters the search text &amp#27;[0m&amp#27;[32m&amp#27;[1m1&amp#27;[0m&amp#27;[32m row and &amp#27;[0m&amp#27;[32m&amp#27;[1m2&amp#27;[0m&amp#27;[32m column&amp#27;[0m     &amp#27;[90m# stepDefinition.ProductListPage.userEntersTheSearchText(int,int)&amp#27;[0m
2025-02-15 22:08:01 [main] INFO : User presses the Enter key on the keyboard...
  &amp#27;[32mAnd &amp#27;[0m&amp#27;[32mUser presses the enter key on the keyboard&amp#27;[0m         &amp#27;[90m# stepDefinition.ProductListPage.userPressesEnterKeyOnKeyboard()&amp#27;[0m
2025-02-15 22:08:03 [main] INFO : Selecting a random product to click to the shopping cart...
[[ChromeDriver: chrome on mac (662cf1662d253ca772d588090ce89167)] -> class name: m-productCard__stockCartIcon]
  &amp#27;[32mAnd &amp#27;[0m&amp#27;[32mUser selects a random product to add shopping cart&amp#27;[0m &amp#27;[90m# stepDefinition.ProductListPage.userSelectsARandomProductToAddShoppingCart()&amp#27;[0m
2025-02-15 22:08:03 [main] INFO : Select a random product variation to add shopping cart...
2025-02-15 22:08:04 [main] INFO : Write product info to the txt file...
2025-02-15 22:08:04 [main] INFO : Adding the selected product to the shopping cart...
  &amp#27;[32mAnd &amp#27;[0m&amp#27;[32mUser adds the product to the shopping cart&amp#27;[0m         &amp#27;[90m# stepDefinition.ProductListPage.userAddsTheProductToTheShoppingCart()&amp#27;[0m
2025-02-15 22:08:05 [main] INFO : Clicking the shopping cart icon...
  &amp#27;[32mAnd &amp#27;[0m&amp#27;[32mUser clicks shopping cart icon&amp#27;[0m                     &amp#27;[90m# stepDefinition.ProductListPage.userClicksShoppingCartIcon()&amp#27;[0m
2025-02-15 22:08:07 [main] INFO : Changing product quantity to: 2
  &amp#27;[32mWhen &amp#27;[0m&amp#27;[32mUser changes the product quantity to &amp#27;[0m&amp#27;[32m&amp#27;[1m2&amp#27;[0m            &amp#27;[90m# stepDefinition.ShoppingCartPage.userChangesTheProductQuantityTo(int)&amp#27;[0m
2025-02-15 22:08:09 [main] INFO : Verifying product count: 2 adet
  &amp#27;[32mThen &amp#27;[0m&amp#27;[32mProduct count should be &amp#27;[0m&amp#27;[32m&amp#27;[1m'2 adet'&amp#27;[0m                  &amp#27;[90m# stepDefinition.ShoppingCartPage.productCountShouldBe(java.lang.String)&amp#27;[0m
2025-02-15 22:08:10 [main] INFO : Closing the browser...
]]></system-out>
    <system-err><![CDATA[Feb 15, 2025 10:07:58 PM org.openqa.selenium.devtools.CdpVersionFinder findNearestMatch
WARNING: Unable to find an exact match for CDP version 133, returning the closest version; found: 131; Please update to a Selenium version that supports CDP version 133
]]></system-err>
  </testcase>
  <testcase name="Delete products from the shopping cart" classname="Shopping Cart Behavior" time="11.224">
    <system-out><![CDATA[
Scenario: Delete products from the shopping cart         &amp#27;[90m# src/test/java/features/ShoppingCart.feature:19&amp#27;[0m
2025-02-15 22:08:11 [main] INFO : Starting the browser...
2025-02-15 22:08:11 [main] INFO : Opening the home page...
  &amp#27;[32mGiven &amp#27;[0m&amp#27;[32mUser opens home page&amp#27;[0m                             &amp#27;[90m# stepDefinition.HomePage.userOpensHomePage()&amp#27;[0m
2025-02-15 22:08:13 [main] INFO : Entering search text from Excel: Row 1, Column 2, Search Text: gömlek
  &amp#27;[32mAnd &amp#27;[0m&amp#27;[32mUser enters the search text &amp#27;[0m&amp#27;[32m&amp#27;[1m1&amp#27;[0m&amp#27;[32m row and &amp#27;[0m&amp#27;[32m&amp#27;[1m2&amp#27;[0m&amp#27;[32m column&amp#27;[0m     &amp#27;[90m# stepDefinition.ProductListPage.userEntersTheSearchText(int,int)&amp#27;[0m
2025-02-15 22:08:14 [main] INFO : User presses the Enter key on the keyboard...
  &amp#27;[32mAnd &amp#27;[0m&amp#27;[32mUser presses the enter key on the keyboard&amp#27;[0m         &amp#27;[90m# stepDefinition.ProductListPage.userPressesEnterKeyOnKeyboard()&amp#27;[0m
2025-02-15 22:08:16 [main] INFO : Selecting a random product to click to the shopping cart...
[[ChromeDriver: chrome on mac (6852f24cbabddc86a2a39bd76c244af7)] -> class name: m-productCard__stockCartIcon]
  &amp#27;[32mAnd &amp#27;[0m&amp#27;[32mUser selects a random product to add shopping cart&amp#27;[0m &amp#27;[90m# stepDefinition.ProductListPage.userSelectsARandomProductToAddShoppingCart()&amp#27;[0m
2025-02-15 22:08:16 [main] INFO : Select a random product variation to add shopping cart...
2025-02-15 22:08:17 [main] INFO : Write product info to the txt file...
2025-02-15 22:08:17 [main] INFO : Adding the selected product to the shopping cart...
  &amp#27;[32mAnd &amp#27;[0m&amp#27;[32mUser adds the product to the shopping cart&amp#27;[0m         &amp#27;[90m# stepDefinition.ProductListPage.userAddsTheProductToTheShoppingCart()&amp#27;[0m
2025-02-15 22:08:18 [main] INFO : Clicking the shopping cart icon...
  &amp#27;[32mAnd &amp#27;[0m&amp#27;[32mUser clicks shopping cart icon&amp#27;[0m                     &amp#27;[90m# stepDefinition.ProductListPage.userClicksShoppingCartIcon()&amp#27;[0m
2025-02-15 22:08:20 [main] INFO : Removing product from the shopping cart...
  &amp#27;[32mAnd &amp#27;[0m&amp#27;[32mUser deletes products from the shopping cart&amp#27;[0m       &amp#27;[90m# stepDefinition.ShoppingCartPage.userDeletesProductsFromTheShoppingCart()&amp#27;[0m
2025-02-15 22:08:21 [main] INFO : Verifying that the shopping cart is empty...
  &amp#27;[32mThen &amp#27;[0m&amp#27;[32mShopping cart should be empty&amp#27;[0m                     &amp#27;[90m# stepDefinition.ShoppingCartPage.shoppingCartShouldBeEmpty()&amp#27;[0m
2025-02-15 22:08:21 [main] INFO : Closing the browser...
]]></system-out>
    <system-err><![CDATA[Feb 15, 2025 10:08:11 PM org.openqa.selenium.devtools.CdpVersionFinder findNearestMatch
WARNING: Unable to find an exact match for CDP version 133, returning the closest version; found: 131; Please update to a Selenium version that supports CDP version 133
]]></system-err>
  </testcase>
  <testcase name="Opening and verifying the homepage of Beymen.com" classname="Site Navigation" time="3.208">
    <system-out><![CDATA[
Scenario: Opening and verifying the homepage of Beymen.com &amp#27;[90m# src/test/java/features/SiteNavigation.feature:3&amp#27;[0m
2025-02-15 22:08:22 [main] INFO : Starting the browser...
2025-02-15 22:08:22 [main] INFO : Opening the home page...
  &amp#27;[32mGiven &amp#27;[0m&amp#27;[32mUser opens home page&amp#27;[0m                               &amp#27;[90m# stepDefinition.HomePage.userOpensHomePage()&amp#27;[0m
2025-02-15 22:08:25 [main] INFO : Verifying the home page URL...
2025-02-15 22:08:25 [main] INFO : Verifying the home page title...
  &amp#27;[32mThen &amp#27;[0m&amp#27;[32mHomepage is verified to be displayed&amp#27;[0m                &amp#27;[90m# stepDefinition.HomePage.homepageIsVerifiedToBeDisplayed()&amp#27;[0m
2025-02-15 22:08:25 [main] INFO : Closing the browser...
]]></system-out>
    <system-err><![CDATA[Feb 15, 2025 10:08:22 PM org.openqa.selenium.devtools.CdpVersionFinder findNearestMatch
WARNING: Unable to find an exact match for CDP version 133, returning the closest version; found: 131; Please update to a Selenium version that supports CDP version 133
]]></system-err>
  </testcase>
</testsuite>